/***Fecha 16-03-2013***/
He dedicado 2 horas y he dibujado en papel, el diseño de la base de datos,tablas y como me gustaría que fuera las pantallas de mi proyecto.

/***Fecha 23-03-2013***/
He dedicado 2 horas he pasado las tablas hecha en papel a la base de datos postgresSQL y he hecho la pantalla principal de mi proyecto.

/***Fecha 30-03-2013***/

He dedicado 2 horas. Cambios en la pantalla principal de mi proyecto y diseño de la segunda pantalla.

/*** Fecha 13-04-2013*****/

2 Horas dedicadas.
Funcionamiento del combo.Ventana BebidasView.

/*** Fecha 20-04-2013*****/

2 horas dedicadas. Se guarda los pedidos hechos en la ventana "BebidasView", en la tabla de pedidos.

/*** Fecha 27-04-2013*****/

3 Horas dedicadas.
He puesto los códigos que estaban separados por clases, en la misma clase.
Separándolos por métodos.Y funcionamiento del label "total" ventana mainWindows.

/*** Fecha 04-05-2013*****/

He dedicado 2 horas.
Funcionamiento de los botones:inicio,aceptar,cancelar y ticket de la ventana de BebidasView.

/*** Fecha 11-05-2013*****/

2 Horas y 30 Minutos.
Modificaciones en la ventana de TicketView.

/*** Fecha 18-05-2013*****/

3 Horas.
Funcionamiento de las ventanas SeleccionCantidad y ImprimirTicket.
Cambios de los tamaños de los labels total,labelBF y labelTotal.

/*** Fecha 24-05-2013 y 27-05-2013*****/

7 Horas.
Cambios Generales.
Busqueda de cambiar color fondo, botones.

/*** Fecha 29-05-2013 *****/

2 Horas.
Dedicada a la memoria del proyecto fin de curso

/*** Fecha 30-05-2013 *****/

3 Horas. iNSTITUTO (Seguimiento proyecto)

Creación nueva conexión a una nueva base de datos dbcafeteria.
Búsqueda de información, de como poner imagen en un campo de la base de datos postgres.

/*** Fecha 31-05-2013 *****/

3 Horas.
Dedicada para la creación de la tabla MESA,AÑADIRNUMPERSONAS y método para cálcular el número de mesa correspondiente se son más de 4 personas.

/*** Fecha 01-06-2013 *****/

3 horas.

/*** Fecha 02-06-2013 *****/

4 horas.
Dedicadas para memoria proyecto

/*** Fecha 03-06-2013 *****/

5 horas.
Dedicadas para hacer las clases BebidasCalientes,Bocadillos,BolleriaDulce,BolleriaSalada.
Tablas en la base de datos bebidascalientes,bocadillos,bolleriadulce,bolleriasalada.
Montar pantallas usando interza GTK.

/*** Fecha 04-06-2013 *****/

8 horas.
Dedicadas para hacer las clases AlmuerzoParte,AlmuerzoCompleto,DesayunoPopular.
Tablas en la base de datos almuerzoparte,almuerzocompleto,desayunopopular.
Montar pantallas usando interza GTK.

/*** Fecha 05-06-2013 *****/

7 Horas.
Dedicadas para crear las clase RellenarTreeView, CalculoLabelMain y MensajeComboInfo, donde pongo los métodos que utilizo en varias clases.
Funcionamiento por completo de las clases y pantallas AlmuerzoCompleto, AlmuerzoParteView,DesayunoPopular, guardando sus valores en la tabla de pedidos y mostrando un mensaje informátivo cuando no se selecciona ningún artículo en los combobox.

/*** Fecha 06-06-2013 *****/

 7 horas.
 Dedicadas para la memoria.
 
 /*** Fecha 07-06-2013 *****/
 
 5 horas 
 
 Dedicadas para la memoria
 
/*** Fecha 08-06-2013 *****/

3 horas y media dedicada para la memoria

/*** Fecha 09-06-2013 *****/

18 horas. Dedicadas para la memoria y proyecto





